  [1m[36m (16.2ms)[0m  [1mCREATE TABLE `schema_migrations` (`version` varchar(255) NOT NULL) ENGINE=InnoDB[0m
  [1m[35m (47.8ms)[0m  CREATE UNIQUE INDEX `unique_schema_migrations`  ON `schema_migrations` (`version`) 
  [1m[36mActiveRecord::SchemaMigration Load (0.5ms)[0m  [1mSELECT `schema_migrations`.* FROM `schema_migrations`[0m
Migrating to DeviseCreateUsers (20140623181055)
  [1m[35m (14.5ms)[0m  CREATE TABLE `users` (`id` int(11) auto_increment PRIMARY KEY, `email` varchar(255) DEFAULT '' NOT NULL, `name` varchar(255), `encrypted_password` varchar(255) DEFAULT '' NOT NULL, `reset_password_token` varchar(255), `reset_password_sent_at` datetime, `remember_created_at` datetime, `sign_in_count` int(11) DEFAULT 0 NOT NULL, `current_sign_in_at` datetime, `last_sign_in_at` datetime, `current_sign_in_ip` varchar(255), `last_sign_in_ip` varchar(255), `created_at` datetime, `updated_at` datetime) ENGINE=InnoDB
  [1m[36m (54.9ms)[0m  [1mCREATE UNIQUE INDEX `index_users_on_email`  ON `users` (`email`) [0m
  [1m[35m (37.2ms)[0m  CREATE UNIQUE INDEX `index_users_on_reset_password_token`  ON `users` (`reset_password_token`) 
  [1m[36m (0.1ms)[0m  [1mBEGIN[0m
  [1m[35mSQL (0.1ms)[0m  INSERT INTO `schema_migrations` (`version`) VALUES ('20140623181055')
  [1m[36m (10.1ms)[0m  [1mCOMMIT[0m
  [1m[35mActiveRecord::SchemaMigration Load (0.1ms)[0m  SELECT `schema_migrations`.* FROM `schema_migrations`
  [1m[36mActiveRecord::SchemaMigration Load (0.1ms)[0m  [1mSELECT `schema_migrations`.* FROM `schema_migrations`[0m
  [1m[35m (0.1ms)[0m  BEGIN
  [1m[36mUser Exists (0.2ms)[0m  [1mSELECT  1 AS one FROM `users`  WHERE `users`.`email` = BINARY 'teste@teste.com' LIMIT 1[0m
  [1m[35mSQL (0.1ms)[0m  INSERT INTO `users` (`created_at`, `email`, `encrypted_password`, `name`, `updated_at`) VALUES ('2015-04-19 20:49:19', 'teste@teste.com', '$2a$10$du7SP4ozw8WiVtTpxiqh/.FwraRtiqzI0Z.A.ZaS5Y0b2bbSvo0oO', 'teste', '2015-04-19 20:49:19')
  [1m[36m (5.7ms)[0m  [1mCOMMIT[0m
  [1m[36mUser Load (0.4ms)[0m  [1mSELECT `users`.* FROM `users`[0m
  [1m[35mUser Load (0.8ms)[0m  SELECT  `users`.* FROM `users`   ORDER BY `users`.`id` ASC LIMIT 1
  [1m[36mUser Load (0.1ms)[0m  [1mSELECT  `users`.* FROM `users`   ORDER BY `users`.`id` ASC LIMIT 1[0m


Started GET "/" for 127.0.0.1 at 2015-04-19 16:50:04 -0400
Processing by MainController#index as HTML
Completed 500 Internal Server Error in 7ms

ActionView::MissingTemplate (Missing template main/index, application/index with {:locale=>[:en], :formats=>[:html], :variants=>[], :handlers=>[:erb, :builder, :raw, :ruby]}. Searched in:
  * "/home/cristovao/Documents/rails/tweet4Yu/app/views"
  * "/home/cristovao/.rvm/gems/ruby-2.1.2@tweet4yu/gems/twitter-bootstrap-rails-3.2.0/app/views"
  * "/home/cristovao/.rvm/gems/ruby-2.1.2@tweet4yu/gems/devise-3.4.1/app/views"
):
  actionview (4.1.0) lib/action_view/path_set.rb:46:in `find'
  actionview (4.1.0) lib/action_view/lookup_context.rb:124:in `find'
  actionview (4.1.0) lib/action_view/renderer/abstract_renderer.rb:18:in `find_template'
  actionview (4.1.0) lib/action_view/renderer/template_renderer.rb:41:in `determine_template'
  actionview (4.1.0) lib/action_view/renderer/template_renderer.rb:8:in `render'
  actionview (4.1.0) lib/action_view/renderer/renderer.rb:42:in `render_template'
  actionview (4.1.0) lib/action_view/renderer/renderer.rb:23:in `render'
  actionview (4.1.0) lib/action_view/rendering.rb:99:in `_render_template'
  actionpack (4.1.0) lib/action_controller/metal/streaming.rb:217:in `_render_template'
  actionview (4.1.0) lib/action_view/rendering.rb:82:in `render_to_body'
  actionpack (4.1.0) lib/action_controller/metal/rendering.rb:32:in `render_to_body'
  actionpack (4.1.0) lib/action_controller/metal/renderers.rb:32:in `render_to_body'
  actionpack (4.1.0) lib/abstract_controller/rendering.rb:25:in `render'
  actionpack (4.1.0) lib/action_controller/metal/rendering.rb:16:in `render'
  actionpack (4.1.0) lib/action_controller/metal/instrumentation.rb:41:in `block (2 levels) in render'
  activesupport (4.1.0) lib/active_support/core_ext/benchmark.rb:12:in `block in ms'
  /home/cristovao/.rvm/rubies/ruby-2.1.2/lib/ruby/2.1.0/benchmark.rb:294:in `realtime'
  activesupport (4.1.0) lib/active_support/core_ext/benchmark.rb:12:in `ms'
  actionpack (4.1.0) lib/action_controller/metal/instrumentation.rb:41:in `block in render'
  actionpack (4.1.0) lib/action_controller/metal/instrumentation.rb:84:in `cleanup_view_runtime'
  activerecord (4.1.0) lib/active_record/railties/controller_runtime.rb:25:in `cleanup_view_runtime'
  actionpack (4.1.0) lib/action_controller/metal/instrumentation.rb:40:in `render'
  actionpack (4.1.0) lib/action_controller/metal/implicit_render.rb:10:in `default_render'
  actionpack (4.1.0) lib/action_controller/metal/implicit_render.rb:5:in `send_action'
  actionpack (4.1.0) lib/abstract_controller/base.rb:189:in `process_action'
  actionpack (4.1.0) lib/action_controller/metal/rendering.rb:10:in `process_action'
  actionpack (4.1.0) lib/abstract_controller/callbacks.rb:20:in `block in process_action'
  activesupport (4.1.0) lib/active_support/callbacks.rb:113:in `call'
  activesupport (4.1.0) lib/active_support/callbacks.rb:113:in `call'
  activesupport (4.1.0) lib/active_support/callbacks.rb:229:in `block in halting'
  activesupport (4.1.0) lib/active_support/callbacks.rb:166:in `call'
  activesupport (4.1.0) lib/active_support/callbacks.rb:166:in `block in halting'
  activesupport (4.1.0) lib/active_support/callbacks.rb:86:in `call'
  activesupport (4.1.0) lib/active_support/callbacks.rb:86:in `run_callbacks'
  actionpack (4.1.0) lib/abstract_controller/callbacks.rb:19:in `process_action'
  actionpack (4.1.0) lib/action_controller/metal/rescue.rb:29:in `process_action'
  actionpack (4.1.0) lib/action_controller/metal/instrumentation.rb:31:in `block in process_action'
  activesupport (4.1.0) lib/active_support/notifications.rb:159:in `block in instrument'
  activesupport (4.1.0) lib/active_support/notifications/instrumenter.rb:20:in `instrument'
  activesupport (4.1.0) lib/active_support/notifications.rb:159:in `instrument'
  actionpack (4.1.0) lib/action_controller/metal/instrumentation.rb:30:in `process_action'
  actionpack (4.1.0) lib/action_controller/metal/params_wrapper.rb:250:in `process_action'
  activerecord (4.1.0) lib/active_record/railties/controller_runtime.rb:18:in `process_action'
  actionpack (4.1.0) lib/abstract_controller/base.rb:136:in `process'
  actionview (4.1.0) lib/action_view/rendering.rb:30:in `process'
  actionpack (4.1.0) lib/action_controller/metal.rb:195:in `dispatch'
  actionpack (4.1.0) lib/action_controller/metal/rack_delegation.rb:13:in `dispatch'
  actionpack (4.1.0) lib/action_controller/metal.rb:231:in `block in action'
  actionpack (4.1.0) lib/action_dispatch/routing/route_set.rb:80:in `call'
  actionpack (4.1.0) lib/action_dispatch/routing/route_set.rb:80:in `dispatch'
  actionpack (4.1.0) lib/action_dispatch/routing/route_set.rb:48:in `call'
  actionpack (4.1.0) lib/action_dispatch/journey/router.rb:71:in `block in call'
  actionpack (4.1.0) lib/action_dispatch/journey/router.rb:59:in `each'
  actionpack (4.1.0) lib/action_dispatch/journey/router.rb:59:in `call'
  actionpack (4.1.0) lib/action_dispatch/routing/route_set.rb:676:in `call'
  warden (1.2.3) lib/warden/manager.rb:35:in `block in call'
  warden (1.2.3) lib/warden/manager.rb:34:in `catch'
  warden (1.2.3) lib/warden/manager.rb:34:in `call'
  rack (1.5.2) lib/rack/etag.rb:23:in `call'
  rack (1.5.2) lib/rack/conditionalget.rb:25:in `call'
  rack (1.5.2) lib/rack/head.rb:11:in `call'
  actionpack (4.1.0) lib/action_dispatch/middleware/params_parser.rb:27:in `call'
  actionpack (4.1.0) lib/action_dispatch/middleware/flash.rb:254:in `call'
  rack (1.5.2) lib/rack/session/abstract/id.rb:225:in `context'
  rack (1.5.2) lib/rack/session/abstract/id.rb:220:in `call'
  actionpack (4.1.0) lib/action_dispatch/middleware/cookies.rb:560:in `call'
  activerecord (4.1.0) lib/active_record/query_cache.rb:36:in `call'
  activerecord (4.1.0) lib/active_record/connection_adapters/abstract/connection_pool.rb:621:in `call'
  actionpack (4.1.0) lib/action_dispatch/middleware/callbacks.rb:29:in `block in call'
  activesupport (4.1.0) lib/active_support/callbacks.rb:82:in `run_callbacks'
  actionpack (4.1.0) lib/action_dispatch/middleware/callbacks.rb:27:in `call'
  actionpack (4.1.0) lib/action_dispatch/middleware/reloader.rb:73:in `call'
  actionpack (4.1.0) lib/action_dispatch/middleware/remote_ip.rb:76:in `call'
  actionpack (4.1.0) lib/action_dispatch/middleware/debug_exceptions.rb:17:in `call'
  actionpack (4.1.0) lib/action_dispatch/middleware/show_exceptions.rb:30:in `call'
  railties (4.1.0) lib/rails/rack/logger.rb:38:in `call_app'
  railties (4.1.0) lib/rails/rack/logger.rb:20:in `block in call'
  activesupport (4.1.0) lib/active_support/tagged_logging.rb:68:in `block in tagged'
  activesupport (4.1.0) lib/active_support/tagged_logging.rb:26:in `tagged'
  activesupport (4.1.0) lib/active_support/tagged_logging.rb:68:in `tagged'
  railties (4.1.0) lib/rails/rack/logger.rb:20:in `call'
  actionpack (4.1.0) lib/action_dispatch/middleware/request_id.rb:21:in `call'
  rack (1.5.2) lib/rack/methodoverride.rb:21:in `call'
  rack (1.5.2) lib/rack/runtime.rb:17:in `call'
  activesupport (4.1.0) lib/active_support/cache/strategy/local_cache_middleware.rb:26:in `call'
  rack (1.5.2) lib/rack/lock.rb:17:in `call'
  actionpack (4.1.0) lib/action_dispatch/middleware/static.rb:64:in `call'
  rack (1.5.2) lib/rack/sendfile.rb:112:in `call'
  railties (4.1.0) lib/rails/engine.rb:514:in `call'
  railties (4.1.0) lib/rails/application.rb:144:in `call'
  rack (1.5.2) lib/rack/content_length.rb:14:in `call'
  thin (1.6.3) lib/thin/connection.rb:86:in `block in pre_process'
  thin (1.6.3) lib/thin/connection.rb:84:in `catch'
  thin (1.6.3) lib/thin/connection.rb:84:in `pre_process'
  thin (1.6.3) lib/thin/connection.rb:53:in `process'
  thin (1.6.3) lib/thin/connection.rb:39:in `receive_data'
  eventmachine (1.0.7) lib/eventmachine.rb:187:in `run_machine'
  eventmachine (1.0.7) lib/eventmachine.rb:187:in `run'
  thin (1.6.3) lib/thin/backends/base.rb:73:in `start'
  thin (1.6.3) lib/thin/server.rb:162:in `start'
  rack (1.5.2) lib/rack/handler/thin.rb:16:in `run'
  rack (1.5.2) lib/rack/server.rb:264:in `start'
  railties (4.1.0) lib/rails/commands/server.rb:69:in `start'
  railties (4.1.0) lib/rails/commands/commands_tasks.rb:81:in `block in server'
  railties (4.1.0) lib/rails/commands/commands_tasks.rb:76:in `tap'
  railties (4.1.0) lib/rails/commands/commands_tasks.rb:76:in `server'
  railties (4.1.0) lib/rails/commands/commands_tasks.rb:40:in `run_command!'
  railties (4.1.0) lib/rails/commands.rb:17:in `<top (required)>'
  bin/rails:4:in `require'
  bin/rails:4:in `<main>'


  Rendered /home/cristovao/.rvm/gems/ruby-2.1.2@tweet4yu/gems/actionpack-4.1.0/lib/action_dispatch/middleware/templates/rescues/missing_template.html.erb within rescues/layout (0.9ms)


Started GET "/" for 127.0.0.1 at 2015-04-19 16:51:18 -0400
Processing by MainController#index as HTML
  Rendered main/index.html.erb within layouts/application (0.5ms)
Completed 500 Internal Server Error in 471ms

ActionView::Template::Error (undefined local variable or method `main_path' for #<#<Class:0x00000005d93050>:0x00000005a42e28>):
    24:             <ul class="nav">
    25:             
    26:               <li>
    27:                 <%= link_to main_path do %>
    28:                   <i class="icon-home"></i> Home
    29:                 <% end %>
    30:               </li>
  app/views/layouts/application.html.erb:27:in `_app_views_layouts_application_html_erb__2187877764761009313_47280600'


  Rendered /home/cristovao/.rvm/gems/ruby-2.1.2@tweet4yu/gems/actionpack-4.1.0/lib/action_dispatch/middleware/templates/rescues/_trace.html.erb (1.4ms)
  Rendered /home/cristovao/.rvm/gems/ruby-2.1.2@tweet4yu/gems/actionpack-4.1.0/lib/action_dispatch/middleware/templates/rescues/_request_and_response.html.erb (0.8ms)
  Rendered /home/cristovao/.rvm/gems/ruby-2.1.2@tweet4yu/gems/actionpack-4.1.0/lib/action_dispatch/middleware/templates/rescues/template_error.html.erb within rescues/layout (7.3ms)


Started GET "/" for 127.0.0.1 at 2015-04-19 16:52:38 -0400
Processing by MainController#index as HTML
  Rendered main/index.html.erb within layouts/application (0.7ms)
Completed 200 OK in 149ms (Views: 148.3ms | ActiveRecord: 0.0ms)


Started GET "/assets/application/main.self.css?body=1" for 127.0.0.1 at 2015-04-19 16:52:38 -0400


Started GET "/assets/twitter-bootstrap-static/bootstrap.self.css?body=1" for 127.0.0.1 at 2015-04-19 16:52:38 -0400


Started GET "/assets/twitter-bootstrap-static/fontawesome.self.css?body=1" for 127.0.0.1 at 2015-04-19 16:52:38 -0400


Started GET "/assets/application.self.css?body=1" for 127.0.0.1 at 2015-04-19 16:52:38 -0400


Started GET "/assets/jquery.self.js?body=1" for 127.0.0.1 at 2015-04-19 16:52:38 -0400


Started GET "/assets/twitter/bootstrap/transition.self.js?body=1" for 127.0.0.1 at 2015-04-19 16:52:38 -0400


Started GET "/assets/twitter/bootstrap/alert.self.js?body=1" for 127.0.0.1 at 2015-04-19 16:52:38 -0400


Started GET "/assets/twitter/bootstrap/modal.self.js?body=1" for 127.0.0.1 at 2015-04-19 16:52:38 -0400


Started GET "/assets/twitter/bootstrap/dropdown.self.js?body=1" for 127.0.0.1 at 2015-04-19 16:52:38 -0400


Started GET "/assets/twitter/bootstrap/button.self.js?body=1" for 127.0.0.1 at 2015-04-19 16:52:38 -0400


Started GET "/assets/twitter/bootstrap/scrollspy.self.js?body=1" for 127.0.0.1 at 2015-04-19 16:52:38 -0400


Started GET "/assets/twitter/bootstrap/tab.self.js?body=1" for 127.0.0.1 at 2015-04-19 16:52:38 -0400


Started GET "/assets/twitter/bootstrap/tooltip.self.js?body=1" for 127.0.0.1 at 2015-04-19 16:52:38 -0400


Started GET "/assets/twitter/bootstrap/popover.self.js?body=1" for 127.0.0.1 at 2015-04-19 16:52:38 -0400


Started GET "/assets/twitter/bootstrap/collapse.self.js?body=1" for 127.0.0.1 at 2015-04-19 16:52:38 -0400


Started GET "/assets/twitter/bootstrap/carousel.self.js?body=1" for 127.0.0.1 at 2015-04-19 16:52:38 -0400


Started GET "/assets/twitter/bootstrap/affix.self.js?body=1" for 127.0.0.1 at 2015-04-19 16:52:38 -0400


Started GET "/assets/twitter/bootstrap.self.js?body=1" for 127.0.0.1 at 2015-04-19 16:52:38 -0400


Started GET "/assets/main.self.js?body=1" for 127.0.0.1 at 2015-04-19 16:52:38 -0400


Started GET "/assets/application.self.js?body=1" for 127.0.0.1 at 2015-04-19 16:52:38 -0400
